Analysis & Synthesis report for memory
Tue May 28 17:36:20 2024
Quartus II 64-Bit Version 13.1.0 Build 162 10/23/2013 SJ Web Edition


---------------------
; Table of Contents ;
---------------------
  1. Legal Notice
  2. Analysis & Synthesis Summary
  3. Analysis & Synthesis Settings
  4. Parallel Compilation
  5. Analysis & Synthesis Source Files Read
  6. Analysis & Synthesis Resource Usage Summary
  7. Analysis & Synthesis Resource Utilization by Entity
  8. Analysis & Synthesis RAM Summary
  9. General Register Statistics
 10. Registers Packed Into Inferred Megafunctions
 11. Multiplexer Restructuring Statistics (Restructuring Performed)
 12. Source assignments for rom_128x8_sync:rom_128x8_sync_u|altsyncram:ROM_rtl_0|altsyncram_ob71:auto_generated
 13. Parameter Settings for Inferred Entity Instance: rom_128x8_sync:rom_128x8_sync_u|altsyncram:ROM_rtl_0
 14. altsyncram Parameter Settings by Entity Instance
 15. Elapsed Time Per Partition
 16. Analysis & Synthesis Messages



----------------
; Legal Notice ;
----------------
Copyright (C) 1991-2013 Altera Corporation
Your use of Altera Corporation's design tools, logic functions 
and other software and tools, and its AMPP partner logic 
functions, and any output files from any of the foregoing 
(including device programming or simulation files), and any 
associated documentation or information are expressly subject 
to the terms and conditions of the Altera Program License 
Subscription Agreement, Altera MegaCore Function License 
Agreement, or other applicable license agreement, including, 
without limitation, that your use is for the sole purpose of 
programming logic devices manufactured by Altera and sold by 
Altera or its authorized distributors.  Please refer to the 
applicable agreement for further details.



+---------------------------------------------------------------------------------+
; Analysis & Synthesis Summary                                                    ;
+------------------------------------+--------------------------------------------+
; Analysis & Synthesis Status        ; Successful - Tue May 28 17:36:10 2024      ;
; Quartus II 64-Bit Version          ; 13.1.0 Build 162 10/23/2013 SJ Web Edition ;
; Revision Name                      ; memory                                     ;
; Top-level Entity Name              ; memory                                     ;
; Family                             ; Cyclone III                                ;
; Total logic elements               ; 1,654                                      ;
;     Total combinational functions  ; 764                                        ;
;     Dedicated logic registers      ; 896                                        ;
; Total registers                    ; 896                                        ;
; Total pins                         ; 283                                        ;
; Total virtual pins                 ; 0                                          ;
; Total memory bits                  ; 1,024                                      ;
; Embedded Multiplier 9-bit elements ; 0                                          ;
; Total PLLs                         ; 0                                          ;
+------------------------------------+--------------------------------------------+


+----------------------------------------------------------------------------------------------------------------------+
; Analysis & Synthesis Settings                                                                                        ;
+----------------------------------------------------------------------------+--------------------+--------------------+
; Option                                                                     ; Setting            ; Default Value      ;
+----------------------------------------------------------------------------+--------------------+--------------------+
; Device                                                                     ; EP3C16F484C6       ;                    ;
; Top-level entity name                                                      ; memory             ; memory             ;
; Family name                                                                ; Cyclone III        ; Cyclone IV GX      ;
; Use smart compilation                                                      ; Off                ; Off                ;
; Enable parallel Assembler and TimeQuest Timing Analyzer during compilation ; On                 ; On                 ;
; Enable compact report table                                                ; Off                ; Off                ;
; Restructure Multiplexers                                                   ; Auto               ; Auto               ;
; Create Debugging Nodes for IP Cores                                        ; Off                ; Off                ;
; Preserve fewer node names                                                  ; On                 ; On                 ;
; Disable OpenCore Plus hardware evaluation                                  ; Off                ; Off                ;
; Verilog Version                                                            ; Verilog_2001       ; Verilog_2001       ;
; VHDL Version                                                               ; VHDL_1993          ; VHDL_1993          ;
; State Machine Processing                                                   ; Auto               ; Auto               ;
; Safe State Machine                                                         ; Off                ; Off                ;
; Extract Verilog State Machines                                             ; On                 ; On                 ;
; Extract VHDL State Machines                                                ; On                 ; On                 ;
; Ignore Verilog initial constructs                                          ; Off                ; Off                ;
; Iteration limit for constant Verilog loops                                 ; 5000               ; 5000               ;
; Iteration limit for non-constant Verilog loops                             ; 250                ; 250                ;
; Add Pass-Through Logic to Inferred RAMs                                    ; On                 ; On                 ;
; Infer RAMs from Raw Logic                                                  ; On                 ; On                 ;
; Parallel Synthesis                                                         ; On                 ; On                 ;
; DSP Block Balancing                                                        ; Auto               ; Auto               ;
; NOT Gate Push-Back                                                         ; On                 ; On                 ;
; Power-Up Don't Care                                                        ; On                 ; On                 ;
; Remove Redundant Logic Cells                                               ; Off                ; Off                ;
; Remove Duplicate Registers                                                 ; On                 ; On                 ;
; Ignore CARRY Buffers                                                       ; Off                ; Off                ;
; Ignore CASCADE Buffers                                                     ; Off                ; Off                ;
; Ignore GLOBAL Buffers                                                      ; Off                ; Off                ;
; Ignore ROW GLOBAL Buffers                                                  ; Off                ; Off                ;
; Ignore LCELL Buffers                                                       ; Off                ; Off                ;
; Ignore SOFT Buffers                                                        ; On                 ; On                 ;
; Limit AHDL Integers to 32 Bits                                             ; Off                ; Off                ;
; Optimization Technique                                                     ; Balanced           ; Balanced           ;
; Carry Chain Length                                                         ; 70                 ; 70                 ;
; Auto Carry Chains                                                          ; On                 ; On                 ;
; Auto Open-Drain Pins                                                       ; On                 ; On                 ;
; Perform WYSIWYG Primitive Resynthesis                                      ; Off                ; Off                ;
; Auto ROM Replacement                                                       ; On                 ; On                 ;
; Auto RAM Replacement                                                       ; On                 ; On                 ;
; Auto DSP Block Replacement                                                 ; On                 ; On                 ;
; Auto Shift Register Replacement                                            ; Auto               ; Auto               ;
; Allow Shift Register Merging across Hierarchies                            ; Auto               ; Auto               ;
; Auto Clock Enable Replacement                                              ; On                 ; On                 ;
; Strict RAM Replacement                                                     ; Off                ; Off                ;
; Allow Synchronous Control Signals                                          ; On                 ; On                 ;
; Force Use of Synchronous Clear Signals                                     ; Off                ; Off                ;
; Auto RAM Block Balancing                                                   ; On                 ; On                 ;
; Auto RAM to Logic Cell Conversion                                          ; Off                ; Off                ;
; Auto Resource Sharing                                                      ; Off                ; Off                ;
; Allow Any RAM Size For Recognition                                         ; Off                ; Off                ;
; Allow Any ROM Size For Recognition                                         ; Off                ; Off                ;
; Allow Any Shift Register Size For Recognition                              ; Off                ; Off                ;
; Use LogicLock Constraints during Resource Balancing                        ; On                 ; On                 ;
; Ignore translate_off and synthesis_off directives                          ; Off                ; Off                ;
; Timing-Driven Synthesis                                                    ; On                 ; On                 ;
; Report Parameter Settings                                                  ; On                 ; On                 ;
; Report Source Assignments                                                  ; On                 ; On                 ;
; Report Connectivity Checks                                                 ; On                 ; On                 ;
; Ignore Maximum Fan-Out Assignments                                         ; Off                ; Off                ;
; Synchronization Register Chain Length                                      ; 2                  ; 2                  ;
; PowerPlay Power Optimization                                               ; Normal compilation ; Normal compilation ;
; HDL message level                                                          ; Level2             ; Level2             ;
; Suppress Register Optimization Related Messages                            ; Off                ; Off                ;
; Number of Removed Registers Reported in Synthesis Report                   ; 5000               ; 5000               ;
; Number of Swept Nodes Reported in Synthesis Report                         ; 5000               ; 5000               ;
; Number of Inverted Registers Reported in Synthesis Report                  ; 100                ; 100                ;
; Clock MUX Protection                                                       ; On                 ; On                 ;
; Auto Gated Clock Conversion                                                ; Off                ; Off                ;
; Block Design Naming                                                        ; Auto               ; Auto               ;
; SDC constraint protection                                                  ; Off                ; Off                ;
; Synthesis Effort                                                           ; Auto               ; Auto               ;
; Shift Register Replacement - Allow Asynchronous Clear Signal               ; On                 ; On                 ;
; Pre-Mapping Resynthesis Optimization                                       ; Off                ; Off                ;
; Analysis & Synthesis Message Level                                         ; Medium             ; Medium             ;
; Disable Register Merging Across Hierarchies                                ; Auto               ; Auto               ;
; Resource Aware Inference For Block RAM                                     ; On                 ; On                 ;
; Synthesis Seed                                                             ; 1                  ; 1                  ;
+----------------------------------------------------------------------------+--------------------+--------------------+


Parallel compilation was disabled, but you have multiple processors available. Enable parallel compilation to reduce compilation time.
+-------------------------------------+
; Parallel Compilation                ;
+----------------------------+--------+
; Processors                 ; Number ;
+----------------------------+--------+
; Number detected on machine ; 4      ;
; Maximum allowed            ; 1      ;
+----------------------------+--------+


+------------------------------------------------------------------------------------------------------------------------------------------------------------------------------------------------------------+
; Analysis & Synthesis Source Files Read                                                                                                                                                                     ;
+------------------------------------------------+-----------------+-------------------------------------------------------+-----------------------------------------------------------------------+---------+
; File Name with User-Entered Path               ; Used in Netlist ; File Type                                             ; File Name with Absolute Path                                          ; Library ;
+------------------------------------------------+-----------------+-------------------------------------------------------+-----------------------------------------------------------------------+---------+
; ../Components/rw_96x8_sync.vhd                 ; yes             ; User VHDL File                                        ; F:/microcontrol/Components/rw_96x8_sync.vhd                           ;         ;
; ../Components/rom_128x8_sync.vhd               ; yes             ; User VHDL File                                        ; F:/microcontrol/Components/rom_128x8_sync.vhd                         ;         ;
; ../Components/Output_Ports.vhd                 ; yes             ; User VHDL File                                        ; F:/microcontrol/Components/Output_Ports.vhd                           ;         ;
; memory.vhd                                     ; yes             ; User VHDL File                                        ; F:/microcontrol/memory/memory.vhd                                     ;         ;
; altsyncram.tdf                                 ; yes             ; Megafunction                                          ; c:/altera/13.1/quartus/libraries/megafunctions/altsyncram.tdf         ;         ;
; stratix_ram_block.inc                          ; yes             ; Megafunction                                          ; c:/altera/13.1/quartus/libraries/megafunctions/stratix_ram_block.inc  ;         ;
; lpm_mux.inc                                    ; yes             ; Megafunction                                          ; c:/altera/13.1/quartus/libraries/megafunctions/lpm_mux.inc            ;         ;
; lpm_decode.inc                                 ; yes             ; Megafunction                                          ; c:/altera/13.1/quartus/libraries/megafunctions/lpm_decode.inc         ;         ;
; aglobal131.inc                                 ; yes             ; Megafunction                                          ; c:/altera/13.1/quartus/libraries/megafunctions/aglobal131.inc         ;         ;
; a_rdenreg.inc                                  ; yes             ; Megafunction                                          ; c:/altera/13.1/quartus/libraries/megafunctions/a_rdenreg.inc          ;         ;
; altrom.inc                                     ; yes             ; Megafunction                                          ; c:/altera/13.1/quartus/libraries/megafunctions/altrom.inc             ;         ;
; altram.inc                                     ; yes             ; Megafunction                                          ; c:/altera/13.1/quartus/libraries/megafunctions/altram.inc             ;         ;
; altdpram.inc                                   ; yes             ; Megafunction                                          ; c:/altera/13.1/quartus/libraries/megafunctions/altdpram.inc           ;         ;
; db/altsyncram_ob71.tdf                         ; yes             ; Auto-Generated Megafunction                           ; F:/microcontrol/memory/db/altsyncram_ob71.tdf                         ;         ;
; db/memory.ram0_rom_128x8_sync_5712ff2d.hdl.mif ; yes             ; Auto-Generated Auto-Found Memory Initialization File  ; F:/microcontrol/memory/db/memory.ram0_rom_128x8_sync_5712ff2d.hdl.mif ;         ;
+------------------------------------------------+-----------------+-------------------------------------------------------+-----------------------------------------------------------------------+---------+


+-----------------------------------------------------------+
; Analysis & Synthesis Resource Usage Summary               ;
+---------------------------------------------+-------------+
; Resource                                    ; Usage       ;
+---------------------------------------------+-------------+
; Estimated Total logic elements              ; 1,654       ;
;                                             ;             ;
; Total combinational functions               ; 764         ;
; Logic element usage by number of LUT inputs ;             ;
;     -- 4 input functions                    ; 679         ;
;     -- 3 input functions                    ; 1           ;
;     -- <=2 input functions                  ; 84          ;
;                                             ;             ;
; Logic elements by mode                      ;             ;
;     -- normal mode                          ; 764         ;
;     -- arithmetic mode                      ; 0           ;
;                                             ;             ;
; Total registers                             ; 896         ;
;     -- Dedicated logic registers            ; 896         ;
;     -- I/O registers                        ; 0           ;
;                                             ;             ;
; I/O pins                                    ; 283         ;
; Total memory bits                           ; 1024        ;
; Embedded Multiplier 9-bit elements          ; 0           ;
; Maximum fan-out node                        ; clock~input ;
; Maximum fan-out                             ; 904         ;
; Total fan-out                               ; 6180        ;
; Average fan-out                             ; 2.77        ;
+---------------------------------------------+-------------+


+--------------------------------------------------------------------------------------------------------------------------------------------------------------------------------------------------------------------------------------------------------------------+
; Analysis & Synthesis Resource Utilization by Entity                                                                                                                                                                                                                ;
+-------------------------------------------+-------------------+--------------+-------------+--------------+---------+-----------+------+--------------+---------------------------------------------------------------------------------------------+--------------+
; Compilation Hierarchy Node                ; LC Combinationals ; LC Registers ; Memory Bits ; DSP Elements ; DSP 9x9 ; DSP 18x18 ; Pins ; Virtual Pins ; Full Hierarchy Name                                                                         ; Library Name ;
+-------------------------------------------+-------------------+--------------+-------------+--------------+---------+-----------+------+--------------+---------------------------------------------------------------------------------------------+--------------+
; |memory                                   ; 764 (124)         ; 896 (0)      ; 1024        ; 0            ; 0       ; 0         ; 283  ; 0            ; |memory                                                                                     ; work         ;
;    |Output_Ports:Output_Ports_u|          ; 24 (24)           ; 128 (128)    ; 0           ; 0            ; 0       ; 0         ; 0    ; 0            ; |memory|Output_Ports:Output_Ports_u                                                         ; work         ;
;    |rom_128x8_sync:rom_128x8_sync_u|      ; 0 (0)             ; 0 (0)        ; 1024        ; 0            ; 0       ; 0         ; 0    ; 0            ; |memory|rom_128x8_sync:rom_128x8_sync_u                                                     ; work         ;
;       |altsyncram:ROM_rtl_0|              ; 0 (0)             ; 0 (0)        ; 1024        ; 0            ; 0       ; 0         ; 0    ; 0            ; |memory|rom_128x8_sync:rom_128x8_sync_u|altsyncram:ROM_rtl_0                                ; work         ;
;          |altsyncram_ob71:auto_generated| ; 0 (0)             ; 0 (0)        ; 1024        ; 0            ; 0       ; 0         ; 0    ; 0            ; |memory|rom_128x8_sync:rom_128x8_sync_u|altsyncram:ROM_rtl_0|altsyncram_ob71:auto_generated ; work         ;
;    |rw_96x8_sync:rw_96x8_sync_u|          ; 616 (616)         ; 768 (768)    ; 0           ; 0            ; 0       ; 0         ; 0    ; 0            ; |memory|rw_96x8_sync:rw_96x8_sync_u                                                         ; work         ;
+-------------------------------------------+-------------------+--------------+-------------+--------------+---------+-----------+------+--------------+---------------------------------------------------------------------------------------------+--------------+
Note: For table entries with two numbers listed, the numbers in parentheses indicate the number of resources of the given type used by the specific entity alone. The numbers listed outside of parentheses indicate the total resources of the given type used by the specific entity and all of its sub-entities in the hierarchy.


+----------------------------------------------------------------------------------------------------------------------------------------------------------------------------------------------------------------------------------+
; Analysis & Synthesis RAM Summary                                                                                                                                                                                                 ;
+------------------------------------------------------------------------------------------------+------+------+--------------+--------------+--------------+--------------+------+------------------------------------------------+
; Name                                                                                           ; Type ; Mode ; Port A Depth ; Port A Width ; Port B Depth ; Port B Width ; Size ; MIF                                            ;
+------------------------------------------------------------------------------------------------+------+------+--------------+--------------+--------------+--------------+------+------------------------------------------------+
; rom_128x8_sync:rom_128x8_sync_u|altsyncram:ROM_rtl_0|altsyncram_ob71:auto_generated|ALTSYNCRAM ; AUTO ; ROM  ; 128          ; 8            ; --           ; --           ; 1024 ; db/memory.ram0_rom_128x8_sync_5712ff2d.hdl.mif ;
+------------------------------------------------------------------------------------------------+------+------+--------------+--------------+--------------+--------------+------+------------------------------------------------+


+------------------------------------------------------+
; General Register Statistics                          ;
+----------------------------------------------+-------+
; Statistic                                    ; Value ;
+----------------------------------------------+-------+
; Total registers                              ; 896   ;
; Number of registers using Synchronous Clear  ; 0     ;
; Number of registers using Synchronous Load   ; 0     ;
; Number of registers using Asynchronous Clear ; 128   ;
; Number of registers using Asynchronous Load  ; 0     ;
; Number of registers using Clock Enable       ; 896   ;
; Number of registers using Preset             ; 0     ;
+----------------------------------------------+-------+


+---------------------------------------------------------------------------------------------------+
; Registers Packed Into Inferred Megafunctions                                                      ;
+------------------------------------------------+-------------------------------------------+------+
; Register Name                                  ; Megafunction                              ; Type ;
+------------------------------------------------+-------------------------------------------+------+
; rom_128x8_sync:rom_128x8_sync_u|data_out[0..7] ; rom_128x8_sync:rom_128x8_sync_u|ROM_rtl_0 ; RAM  ;
+------------------------------------------------+-------------------------------------------+------+


+------------------------------------------------------------------------------------------------------------------------------------------+
; Multiplexer Restructuring Statistics (Restructuring Performed)                                                                           ;
+--------------------+-----------+---------------+----------------------+------------------------+------------+----------------------------+
; Multiplexer Inputs ; Bus Width ; Baseline Area ; Area if Restructured ; Saving if Restructured ; Registered ; Example Multiplexer Output ;
+--------------------+-----------+---------------+----------------------+------------------------+------------+----------------------------+
; 20:1               ; 8 bits    ; 104 LEs       ; 96 LEs               ; 8 LEs                  ; No         ; |memory|data_out           ;
+--------------------+-----------+---------------+----------------------+------------------------+------------+----------------------------+


+------------------------------------------------------------------------------------------------------------+
; Source assignments for rom_128x8_sync:rom_128x8_sync_u|altsyncram:ROM_rtl_0|altsyncram_ob71:auto_generated ;
+---------------------------------+--------------------+------+----------------------------------------------+
; Assignment                      ; Value              ; From ; To                                           ;
+---------------------------------+--------------------+------+----------------------------------------------+
; OPTIMIZE_POWER_DURING_SYNTHESIS ; NORMAL_COMPILATION ; -    ; -                                            ;
+---------------------------------+--------------------+------+----------------------------------------------+


+-------------------------------------------------------------------------------------------------------+
; Parameter Settings for Inferred Entity Instance: rom_128x8_sync:rom_128x8_sync_u|altsyncram:ROM_rtl_0 ;
+------------------------------------+------------------------------------------------+-----------------+
; Parameter Name                     ; Value                                          ; Type            ;
+------------------------------------+------------------------------------------------+-----------------+
; BYTE_SIZE_BLOCK                    ; 8                                              ; Untyped         ;
; AUTO_CARRY_CHAINS                  ; ON                                             ; AUTO_CARRY      ;
; IGNORE_CARRY_BUFFERS               ; OFF                                            ; IGNORE_CARRY    ;
; AUTO_CASCADE_CHAINS                ; ON                                             ; AUTO_CASCADE    ;
; IGNORE_CASCADE_BUFFERS             ; OFF                                            ; IGNORE_CASCADE  ;
; WIDTH_BYTEENA                      ; 1                                              ; Untyped         ;
; OPERATION_MODE                     ; ROM                                            ; Untyped         ;
; WIDTH_A                            ; 8                                              ; Untyped         ;
; WIDTHAD_A                          ; 7                                              ; Untyped         ;
; NUMWORDS_A                         ; 128                                            ; Untyped         ;
; OUTDATA_REG_A                      ; UNREGISTERED                                   ; Untyped         ;
; ADDRESS_ACLR_A                     ; NONE                                           ; Untyped         ;
; OUTDATA_ACLR_A                     ; NONE                                           ; Untyped         ;
; WRCONTROL_ACLR_A                   ; NONE                                           ; Untyped         ;
; INDATA_ACLR_A                      ; NONE                                           ; Untyped         ;
; BYTEENA_ACLR_A                     ; NONE                                           ; Untyped         ;
; WIDTH_B                            ; 1                                              ; Untyped         ;
; WIDTHAD_B                          ; 1                                              ; Untyped         ;
; NUMWORDS_B                         ; 1                                              ; Untyped         ;
; INDATA_REG_B                       ; CLOCK1                                         ; Untyped         ;
; WRCONTROL_WRADDRESS_REG_B          ; CLOCK1                                         ; Untyped         ;
; RDCONTROL_REG_B                    ; CLOCK1                                         ; Untyped         ;
; ADDRESS_REG_B                      ; CLOCK1                                         ; Untyped         ;
; OUTDATA_REG_B                      ; UNREGISTERED                                   ; Untyped         ;
; BYTEENA_REG_B                      ; CLOCK1                                         ; Untyped         ;
; INDATA_ACLR_B                      ; NONE                                           ; Untyped         ;
; WRCONTROL_ACLR_B                   ; NONE                                           ; Untyped         ;
; ADDRESS_ACLR_B                     ; NONE                                           ; Untyped         ;
; OUTDATA_ACLR_B                     ; NONE                                           ; Untyped         ;
; RDCONTROL_ACLR_B                   ; NONE                                           ; Untyped         ;
; BYTEENA_ACLR_B                     ; NONE                                           ; Untyped         ;
; WIDTH_BYTEENA_A                    ; 1                                              ; Untyped         ;
; WIDTH_BYTEENA_B                    ; 1                                              ; Untyped         ;
; RAM_BLOCK_TYPE                     ; AUTO                                           ; Untyped         ;
; BYTE_SIZE                          ; 8                                              ; Untyped         ;
; READ_DURING_WRITE_MODE_MIXED_PORTS ; DONT_CARE                                      ; Untyped         ;
; READ_DURING_WRITE_MODE_PORT_A      ; NEW_DATA_NO_NBE_READ                           ; Untyped         ;
; READ_DURING_WRITE_MODE_PORT_B      ; NEW_DATA_NO_NBE_READ                           ; Untyped         ;
; INIT_FILE                          ; db/memory.ram0_rom_128x8_sync_5712ff2d.hdl.mif ; Untyped         ;
; INIT_FILE_LAYOUT                   ; PORT_A                                         ; Untyped         ;
; MAXIMUM_DEPTH                      ; 0                                              ; Untyped         ;
; CLOCK_ENABLE_INPUT_A               ; NORMAL                                         ; Untyped         ;
; CLOCK_ENABLE_INPUT_B               ; NORMAL                                         ; Untyped         ;
; CLOCK_ENABLE_OUTPUT_A              ; NORMAL                                         ; Untyped         ;
; CLOCK_ENABLE_OUTPUT_B              ; NORMAL                                         ; Untyped         ;
; CLOCK_ENABLE_CORE_A                ; USE_INPUT_CLKEN                                ; Untyped         ;
; CLOCK_ENABLE_CORE_B                ; USE_INPUT_CLKEN                                ; Untyped         ;
; ENABLE_ECC                         ; FALSE                                          ; Untyped         ;
; ECC_PIPELINE_STAGE_ENABLED         ; FALSE                                          ; Untyped         ;
; WIDTH_ECCSTATUS                    ; 3                                              ; Untyped         ;
; DEVICE_FAMILY                      ; Cyclone III                                    ; Untyped         ;
; CBXI_PARAMETER                     ; altsyncram_ob71                                ; Untyped         ;
+------------------------------------+------------------------------------------------+-----------------+
Note: In order to hide this table in the UI and the text report file, please set the "Show Parameter Settings in Synthesis Report" option in "Analysis and Synthesis Settings -> More Settings" to "Off".


+--------------------------------------------------------------------------------------------------+
; altsyncram Parameter Settings by Entity Instance                                                 ;
+-------------------------------------------+------------------------------------------------------+
; Name                                      ; Value                                                ;
+-------------------------------------------+------------------------------------------------------+
; Number of entity instances                ; 1                                                    ;
; Entity Instance                           ; rom_128x8_sync:rom_128x8_sync_u|altsyncram:ROM_rtl_0 ;
;     -- OPERATION_MODE                     ; ROM                                                  ;
;     -- WIDTH_A                            ; 8                                                    ;
;     -- NUMWORDS_A                         ; 128                                                  ;
;     -- OUTDATA_REG_A                      ; UNREGISTERED                                         ;
;     -- WIDTH_B                            ; 1                                                    ;
;     -- NUMWORDS_B                         ; 1                                                    ;
;     -- ADDRESS_REG_B                      ; CLOCK1                                               ;
;     -- OUTDATA_REG_B                      ; UNREGISTERED                                         ;
;     -- RAM_BLOCK_TYPE                     ; AUTO                                                 ;
;     -- READ_DURING_WRITE_MODE_MIXED_PORTS ; DONT_CARE                                            ;
+-------------------------------------------+------------------------------------------------------+


+-------------------------------+
; Elapsed Time Per Partition    ;
+----------------+--------------+
; Partition Name ; Elapsed Time ;
+----------------+--------------+
; Top            ; 00:00:13     ;
+----------------+--------------+


+-------------------------------+
; Analysis & Synthesis Messages ;
+-------------------------------+
Info: *******************************************************************
Info: Running Quartus II 64-Bit Analysis & Synthesis
    Info: Version 13.1.0 Build 162 10/23/2013 SJ Web Edition
    Info: Processing started: Tue May 28 17:34:40 2024
Info: Command: quartus_map --read_settings_files=on --write_settings_files=off memory -c memory
Warning (20028): Parallel compilation is not licensed and has been disabled
Info (12021): Found 2 design units, including 1 entities, in source file /microcontrol/components/rw_96x8_sync.vhd
    Info (12022): Found design unit 1: rw_96x8_sync-Behavioral
    Info (12023): Found entity 1: rw_96x8_sync
Info (12021): Found 2 design units, including 1 entities, in source file /microcontrol/components/rom_128x8_sync.vhd
    Info (12022): Found design unit 1: rom_128x8_sync-Behavioral
    Info (12023): Found entity 1: rom_128x8_sync
Info (12021): Found 2 design units, including 1 entities, in source file /microcontrol/components/output_ports.vhd
    Info (12022): Found design unit 1: Output_Ports-Behavioral
    Info (12023): Found entity 1: Output_Ports
Info (12021): Found 2 design units, including 1 entities, in source file memory.vhd
    Info (12022): Found design unit 1: memory-Behavioral
    Info (12023): Found entity 1: memory
Info (12127): Elaborating entity "memory" for the top level hierarchy
Info (12128): Elaborating entity "rom_128x8_sync" for hierarchy "rom_128x8_sync:rom_128x8_sync_u"
Info (12128): Elaborating entity "rw_96x8_sync" for hierarchy "rw_96x8_sync:rw_96x8_sync_u"
Info (12128): Elaborating entity "Output_Ports" for hierarchy "Output_Ports:Output_Ports_u"
Info (276014): Found 1 instances of uninferred RAM logic
    Info (276007): RAM logic "rw_96x8_sync:rw_96x8_sync_u|RAM" is uninferred due to asynchronous read logic
Warning (113028): 32 out of 128 addresses are uninitialized. The Quartus II software will initialize them to "0". There are 1 warnings found, and 1 warnings are reported.
    Warning (113027): Addresses ranging from 96 to 127 are not initialized
Info (19000): Inferred 1 megafunctions from design logic
    Info (276029): Inferred altsyncram megafunction from the following design logic: "rom_128x8_sync:rom_128x8_sync_u|ROM_rtl_0" 
        Info (286033): Parameter OPERATION_MODE set to ROM
        Info (286033): Parameter WIDTH_A set to 8
        Info (286033): Parameter WIDTHAD_A set to 7
        Info (286033): Parameter NUMWORDS_A set to 128
        Info (286033): Parameter OUTDATA_REG_A set to UNREGISTERED
        Info (286033): Parameter ADDRESS_ACLR_A set to NONE
        Info (286033): Parameter OUTDATA_ACLR_A set to NONE
        Info (286033): Parameter INDATA_ACLR_A set to NONE
        Info (286033): Parameter WRCONTROL_ACLR_A set to NONE
        Info (286033): Parameter INIT_FILE set to db/memory.ram0_rom_128x8_sync_5712ff2d.hdl.mif
Info (12130): Elaborated megafunction instantiation "rom_128x8_sync:rom_128x8_sync_u|altsyncram:ROM_rtl_0"
Info (12133): Instantiated megafunction "rom_128x8_sync:rom_128x8_sync_u|altsyncram:ROM_rtl_0" with the following parameter:
    Info (12134): Parameter "OPERATION_MODE" = "ROM"
    Info (12134): Parameter "WIDTH_A" = "8"
    Info (12134): Parameter "WIDTHAD_A" = "7"
    Info (12134): Parameter "NUMWORDS_A" = "128"
    Info (12134): Parameter "OUTDATA_REG_A" = "UNREGISTERED"
    Info (12134): Parameter "ADDRESS_ACLR_A" = "NONE"
    Info (12134): Parameter "OUTDATA_ACLR_A" = "NONE"
    Info (12134): Parameter "INDATA_ACLR_A" = "NONE"
    Info (12134): Parameter "WRCONTROL_ACLR_A" = "NONE"
    Info (12134): Parameter "INIT_FILE" = "db/memory.ram0_rom_128x8_sync_5712ff2d.hdl.mif"
Info (12021): Found 1 design units, including 1 entities, in source file db/altsyncram_ob71.tdf
    Info (12023): Found entity 1: altsyncram_ob71
Info (286030): Timing-Driven Synthesis is running
Info (16010): Generating hard_block partition "hard_block:auto_generated_inst"
    Info (16011): Adding 0 node(s), including 0 DDIO, 0 PLL, 0 transceiver and 0 LCELL
Info (21057): Implemented 1945 device resources after synthesis - the final resource count might be different
    Info (21058): Implemented 147 input pins
    Info (21059): Implemented 136 output pins
    Info (21061): Implemented 1654 logic cells
    Info (21064): Implemented 8 RAM segments
Info: Quartus II 64-Bit Analysis & Synthesis was successful. 0 errors, 3 warnings
    Info: Peak virtual memory: 567 megabytes
    Info: Processing ended: Tue May 28 17:36:29 2024
    Info: Elapsed time: 00:01:49
    Info: Total CPU time (on all processors): 00:00:03


